(0000) 3000  0011000000000000 (   7)                 .ORIG x3000
(3000) 5020  0101000000100000 (  11) START           AND   R0 R0 #0
(3001) 5260  0101001001100000 (  12)                 AND   R1 R1 #0
(3002) 54A0  0101010010100000 (  13)                 AND   R2 R2 #0
(3003) 56E0  0101011011100000 (  14)                 AND   R3 R3 #0
(3004) 5920  0101100100100000 (  15)                 AND   R4 R4 #0
(3005) 5B60  0101101101100000 (  16)                 AND   R5 R5 #0
(3006) 5DA0  0101110110100000 (  17)                 AND   R6 R6 #0
(3007) 5FE0  0101111111100000 (  18)                 AND   R7 R7 #0
(3008) 30A2  0011000010100010 (  21)                 ST    R0 CHARCOUNTER
(3009) 30A9  0011000010101001 (  22)                 ST    R0 INTEGER
(300A) 30A9  0011000010101001 (  23)                 ST    R0 INVALIDCHAR
(300B) 30B0  0011000010110000 (  24)                 ST    R0 SIGNFLAG
(300C) E0BC  1110000010111100 (  27)                 LEA   R0 PROMPT
(300D) F022  1111000000100010 (  28)                 TRAP  x22
(300E) F020  1111000000100000 (  32) GETCHAR         TRAP  x20
(300F) 229D  0010001010011101 (  35)                 LD    R1 EXITCHAR
(3010) 1201  0001001000000001 (  36)                 ADD   R1 R0 R1
(3011) 0420  0000010000100000 (  37)                 BRZ   ISEXITCHAR
(3012) 22A8  0010001010101000 (  40)                 LD    R1 NEWLINECHAR
(3013) 1201  0001001000000001 (  41)                 ADD   R1 R0 R1
(3014) 0423  0000010000100011 (  42)                 BRZ   ISNEWLINECHAR
(3015) 22A4  0010001010100100 (  45)                 LD    R1 NEGATIVECHAR
(3016) 1201  0001001000000001 (  46)                 ADD   R1 R0 R1
(3017) 0424  0000010000100100 (  47)                 BRZ   ISNEGATIVECHAR
(3018) 229F  0010001010011111 (  50)                 LD    R1 MINIMUMASCII
(3019) 249F  0010010010011111 (  51)                 LD    R2 MAXIMUMASCII
(301A) 1201  0001001000000001 (  52)                 ADD   R1 R0 R1
(301B) 0812  0000100000010010 (  53)                 BRN   ISINVALIDCHAR
(301C) 1402  0001010000000010 (  54)                 ADD   R2 R0 R2
(301D) 0210  0000001000010000 (  55)                 BRP   ISINVALIDCHAR
(301E) 228C  0010001010001100 (  56)                 LD    R1 CHARCOUNTER
(301F) 1261  0001001001100001 (  57)                 ADD   R1 R1 #1
(3020) 328A  0011001010001010 (  58)                 ST    R1 CHARCOUNTER
(3021) F021  1111000000100001 (  59)                 TRAP  x21
(3022) 2289  0010001010001001 (  62)                 LD    R1 CHAROFFSET
(3023) 1401  0001010000000001 (  63)                 ADD   R2 R0 R1
(3024) 268D  0010011010001101 (  66)                 LD    R3 INTCOUNTER
(3025) 2A8D  0010101010001101 (  67)                 LD    R5 INTEGER
(3026) 5920  0101100100100000 (  68)                 AND   R4 R4 #0
(3027) 1905  0001100100000101 (  71) COUNTERLOOP     ADD   R4 R4 R5
(3028) 16FF  0001011011111111 (  72)                 ADD   R3 R3 #-1
(3029) 0401  0000010000000001 (  73)                 BRZ   x302B
(302A) 0FFC  0000111111111100 (  74)                 BRNZP COUNTERLOOP
(302B) 1902  0001100100000010 (  75)                 ADD   R4 R4 R2
(302C) 3886  0011100010000110 (  76)                 ST    R4 INTEGER
(302D) 0FE0  0000111111100000 (  77)                 BRNZP GETCHAR
(302E) 5260  0101001001100000 (  81) ISINVALIDCHAR   AND   R1 R1 #0
(302F) 1261  0001001001100001 (  82)                 ADD   R1 R1 #1
(3030) 3283  0011001010000011 (  83)                 ST    R1 INVALIDCHAR
(3031) 0FDC  0000111111011100 (  84)                 BRNZP GETCHAR
(3032) F021  1111000000100001 (  88) ISEXITCHAR      TRAP  x21
(3033) E091  1110000010010001 (  89)                 LEA   R0 NEWLINE
(3034) F022  1111000000100010 (  90)                 TRAP  x22
(3035) E087  1110000010000111 (  91)                 LEA   R0 EXITSTRING
(3036) F022  1111000000100010 (  92)                 TRAP  x22
(3037) F025  1111000000100101 (  93)                 TRAP  x25
(3038) 2283  0010001010000011 (  97) ISNEWLINECHAR   LD    R1 SIGNFLAG
(3039) 1260  0001001001100000 (  98)                 ADD   R1 R1 #0
(303A) 040F  0000010000001111 (  99)                 BRZ   SETUPMASK
(303B) 0E0A  0000111000001010 ( 100)                 BRNZP CONVERTNUMBER
(303C) 246E  0010010001101110 ( 104) ISNEGATIVECHAR  LD    R2 CHARCOUNTER
(303D) 1242  0001001001000010 ( 105)                 ADD   R1 R1 R2
(303E) 0BCF  0000101111001111 ( 106)                 BRNP  GETCHAR
(303F) 5260  0101001001100000 ( 107)                 AND   R1 R1 #0
(3040) 1261  0001001001100001 ( 108)                 ADD   R1 R1 #1
(3041) 327A  0011001001111010 ( 109)                 ST    R1 SIGNFLAG
(3042) 14A1  0001010010100001 ( 110)                 ADD   R2 R2 #1
(3043) 3467  0011010001100111 ( 111)                 ST    R2 CHARCOUNTER
(3044) F021  1111000000100001 ( 112)                 TRAP  x21
(3045) 0FC8  0000111111001000 ( 113)                 BRNZP GETCHAR
(3046) 286C  0010100001101100 ( 117) CONVERTNUMBER   LD    R4 INTEGER
(3047) 993F  1001100100111111 ( 118)                 NOT   R4 R4
(3048) 1921  0001100100100001 ( 119)                 ADD   R4 R4 #1
(3049) 3869  0011100001101001 ( 120)                 ST    R4 INTEGER
(304A) 246B  0010010001101011 ( 124) SETUPMASK       LD    R2 MASKCOUNTER
(304B) 266B  0010011001101011 ( 125)                 LD    R3 MASKTOTALSHIFT
(304C) 2868  0010100001101000 ( 126)                 LD    R4 MASK
(304D) E077  1110000001110111 ( 127)                 LEA   R0 NEWLINE
(304E) F022  1111000000100010 ( 128)                 TRAP  x22
(304F) 0E0A  0000111000001010 ( 129)                 BRNZP COMPAREBITS
(3050) 1904  0001100100000100 ( 133) MASKSHIFT       ADD   R4 R4 R4
(3051) 0401  0000010000000001 ( 134)                 BRZ   x3053
(3052) 0A01  0000101000000001 ( 135)                 BRNP  x3054
(3053) 1921  0001100100100001 ( 136)                 ADD   R4 R4 #1
(3054) 14BF  0001010010111111 ( 137)                 ADD   R2 R2 #-1
(3055) 0401  0000010000000001 ( 138)                 BRZ   x3057
(3056) 07F9  0000011111111001 ( 139)                 BRZP  MASKSHIFT
(3057) 245E  0010010001011110 ( 140)                 LD    R2 MASKCOUNTER
(3058) 16FF  0001011011111111 ( 141)                 ADD   R3 R3 #-1
(3059) 0E00  0000111000000000 ( 142)                 BRNZP COMPAREBITS
(305A) 2058  0010000001011000 ( 146) COMPAREBITS     LD    R0 INTEGER
(305B) 5A04  0101101000000100 ( 147)                 AND   R5 R0 R4
(305C) 0404  0000010000000100 ( 148)                 BRZ   ISZERO
(305D) 0A00  0000101000000000 ( 149)                 BRNP  ISONE
(305E) E068  1110000001101000 ( 153) ISONE           LEA   R0 ONECHAR
(305F) F022  1111000000100010 ( 154)                 TRAP  x22
(3060) 0E03  0000111000000011 ( 155)                 BRNZP CHECKTOTAL
(3061) E0AC  1110000010101100 ( 159) ISZERO          LEA   R0 ZEROCHAR
(3062) F022  1111000000100010 ( 160)                 TRAP  x22
(3063) 0E00  0000111000000000 ( 161)                 BRNZP CHECKTOTAL
(3064) 16E0  0001011011100000 ( 165) CHECKTOTAL      ADD   R3 R3 #0
(3065) 0401  0000010000000001 ( 166)                 BRZ   x3067
(3066) 0FE9  0000111111101001 ( 167)                 BRNZP MASKSHIFT
(3067) 2446  0010010001000110 ( 171) SETUPHEXMASK    LD    R2 HEXCOUNTER
(3068) 2648  0010011001001000 ( 172)                 LD    R3 HEXTOTALSHIFT
(3069) 2845  0010100001000101 ( 173)                 LD    R4 HEXMASK
(306A) E05A  1110000001011010 ( 174)                 LEA   R0 NEWLINE
(306B) F022  1111000000100010 ( 175)                 TRAP  x22
(306C) 0E0C  0000111000001100 ( 176)                 BRNZP HEXCOMPARE
(306D) 1920  0001100100100000 ( 180) HEXSHIFT        ADD   R4 R4 #0
(306E) 0802  0000100000000010 ( 181)                 BRN   x3071
(306F) 1904  0001100100000100 ( 182)                 ADD   R4 R4 R4
(3070) 0E02  0000111000000010 ( 183)                 BRNZP x3073
(3071) 1904  0001100100000100 ( 184)                 ADD   R4 R4 R4
(3072) 1921  0001100100100001 ( 185)                 ADD   R4 R4 #1
(3073) 14BF  0001010010111111 ( 186)                 ADD   R2 R2 #-1
(3074) 0401  0000010000000001 ( 187)                 BRZ   x3076
(3075) 07F7  0000011111110111 ( 188)                 BRZP  HEXSHIFT
(3076) 2437  0010010000110111 ( 189)                 LD    R2 HEXCOUNTER
(3077) 16FF  0001011011111111 ( 190)                 ADD   R3 R3 #-1
(3078) 0E00  0000111000000000 ( 191)                 BRNZP HEXCOMPARE
(3079) 2039  0010000000111001 ( 195) HEXCOMPARE      LD    R0 INTEGER
(307A) 2C33  0010110000110011 ( 196)                 LD    R6 HEXCOUNTER
(307B) 5004  0101000000000100 ( 197)                 AND   R0 R0 R4
(307C) 040D  0000010000001101 ( 198)                 BRZ   x308A
(307D) 1AE0  0001101011100000 ( 199)                 ADD   R5 R3 #0
(307E) 040B  0000010000001011 ( 200)                 BRZ   x308A
(307F) 1020  0001000000100000 ( 204) GETRESULT       ADD   R0 R0 #0
(3080) 0802  0000100000000010 ( 205)                 BRN   x3083
(3081) 1000  0001000000000000 ( 206)                 ADD   R0 R0 R0
(3082) 0E02  0000111000000010 ( 207)                 BRNZP x3085
(3083) 1000  0001000000000000 ( 208)                 ADD   R0 R0 R0
(3084) 1021  0001000000100001 ( 209)                 ADD   R0 R0 #1
(3085) 1DBF  0001110110111111 ( 210)                 ADD   R6 R6 #-1
(3086) 03F8  0000001111111000 ( 211)                 BRP   GETRESULT
(3087) 2C26  0010110000100110 ( 212)                 LD    R6 HEXCOUNTER
(3088) 1B7F  0001101101111111 ( 213)                 ADD   R5 R5 #-1
(3089) 03F5  0000001111110101 ( 214)                 BRP   GETRESULT
(308A) 5DA0  0101110110100000 ( 216)                 AND   R6 R6 #0
(308B) 1DA9  0001110110101001 ( 217)                 ADD   R6 R6 #9
(308C) 9DBF  1001110110111111 ( 218)                 NOT   R6 R6
(308D) 1DA1  0001110110100001 ( 219)                 ADD   R6 R6 #1
(308E) 1C06  0001110000000110 ( 220)                 ADD   R6 R0 R6
(308F) 0C01  0000110000000001 ( 221)                 BRNZ  ISNUMBER
(3090) 0206  0000001000000110 ( 222)                 BRP   ISLETTER
(3091) 2A1A  0010101000011010 ( 226) ISNUMBER        LD    R5 CHAROFFSET
(3092) 9B7F  1001101101111111 ( 227)                 NOT   R5 R5
(3093) 1B61  0001101101100001 ( 228)                 ADD   R5 R5 #1
(3094) 1005  0001000000000101 ( 229)                 ADD   R0 R0 R5
(3095) F021  1111000000100001 ( 230)                 TRAP  x21
(3096) 0E04  0000111000000100 ( 231)                 BRNZP CHECKHEXTOTAL
(3097) 2A18  0010101000011000 ( 235) ISLETTER        LD    R5 HEXOFFSET
(3098) 1005  0001000000000101 ( 236)                 ADD   R0 R0 R5
(3099) F021  1111000000100001 ( 237)                 TRAP  x21
(309A) 0E00  0000111000000000 ( 238)                 BRNZP CHECKHEXTOTAL
(309B) 16E0  0001011011100000 ( 242) CHECKHEXTOTAL   ADD   R3 R3 #0
(309C) 0401  0000010000000001 ( 243)                 BRZ   x309E
(309D) 0FCF  0000111111001111 ( 244)                 BRNZP HEXSHIFT
(309E) 2215  0010001000010101 ( 247)                 LD    R1 INVALIDCHAR
(309F) 1260  0001001001100000 ( 248)                 ADD   R1 R1 #0
(30A0) 0404  0000010000000100 ( 249)                 BRZ   x30A5
(30A1) E023  1110000000100011 ( 250)                 LEA   R0 NEWLINE
(30A2) F022  1111000000100010 ( 251)                 TRAP  x22
(30A3) E041  1110000001000001 ( 252)                 LEA   R0 REMOVEDCHAR
(30A4) F022  1111000000100010 ( 253)                 TRAP  x22
(30A5) E01F  1110000000011111 ( 254)                 LEA   R0 NEWLINE
(30A6) F022  1111000000100010 ( 255)                 TRAP  x22
(30A7) F022  1111000000100010 ( 256)                 TRAP  x22
(30A8) F022  1111000000100010 ( 257)                 TRAP  x22
(30A9) F022  1111000000100010 ( 258)                 TRAP  x22
(30AA) 0F55  0000111101010101 ( 259)                 BRNZP START
(30AB) 0000  0000000000000000 ( 262) CHARCOUNTER     .FILL x0000
(30AC) FFD0  1111111111010000 ( 263) CHAROFFSET      .FILL xFFD0
(30AD) FFA8  1111111110101000 ( 264) EXITCHAR        .FILL xFFA8
(30AE) 000C  0000000000001100 ( 265) HEXCOUNTER      .FILL x000C
(30AF) F000  1111000000000000 ( 266) HEXMASK         .FILL xF000
(30B0) 0037  0000000000110111 ( 267) HEXOFFSET       .FILL x0037
(30B1) 0003  0000000000000011 ( 268) HEXTOTALSHIFT   .FILL x0003
(30B2) 000A  0000000000001010 ( 269) INTCOUNTER      .FILL x000A
(30B3) 0000  0000000000000000 ( 270) INTEGER         .FILL x0000
(30B4) 0000  0000000000000000 ( 271) INVALIDCHAR     .FILL x0000
(30B5) 8000  1000000000000000 ( 272) MASK            .FILL x8000
(30B6) 000F  0000000000001111 ( 273) MASKCOUNTER     .FILL x000F
(30B7) 000F  0000000000001111 ( 274) MASKTOTALSHIFT  .FILL x000F
(30B8) FFD0  1111111111010000 ( 275) MINIMUMASCII    .FILL xFFD0
(30B9) FFC7  1111111111000111 ( 276) MAXIMUMASCII    .FILL xFFC7
(30BA) FFD3  1111111111010011 ( 277) NEGATIVECHAR    .FILL xFFD3
(30BB) FFF6  1111111111110110 ( 278) NEWLINECHAR     .FILL xFFF6
(30BC) 0000  0000000000000000 ( 279) SIGNFLAG        .FILL x0000
(30BD) 0047  0000000001000111 ( 282) EXITSTRING      .FILL x0047
(30BE) 006F  0000000001101111 ( 282)                 .FILL x006F
(30BF) 006F  0000000001101111 ( 282)                 .FILL x006F
(30C0) 0064  0000000001100100 ( 282)                 .FILL x0064
(30C1) 0062  0000000001100010 ( 282)                 .FILL x0062
(30C2) 0079  0000000001111001 ( 282)                 .FILL x0079
(30C3) 0065  0000000001100101 ( 282)                 .FILL x0065
(30C4) 0000  0000000000000000 ( 282)                 .FILL x0000
(30C5) 000A  0000000000001010 ( 283) NEWLINE         .FILL x000A
(30C6) 0000  0000000000000000 ( 283)                 .FILL x0000
(30C7) 0031  0000000000110001 ( 284) ONECHAR         .FILL x0031
(30C8) 0000  0000000000000000 ( 284)                 .FILL x0000
(30C9) 0044  0000000001000100 ( 285) PROMPT          .FILL x0044
(30CA) 0065  0000000001100101 ( 285)                 .FILL x0065
(30CB) 0063  0000000001100011 ( 285)                 .FILL x0063
(30CC) 0069  0000000001101001 ( 285)                 .FILL x0069
(30CD) 006D  0000000001101101 ( 285)                 .FILL x006D
(30CE) 0061  0000000001100001 ( 285)                 .FILL x0061
(30CF) 006C  0000000001101100 ( 285)                 .FILL x006C
(30D0) 0020  0000000000100000 ( 285)                 .FILL x0020
(30D1) 006E  0000000001101110 ( 285)                 .FILL x006E
(30D2) 0075  0000000001110101 ( 285)                 .FILL x0075
(30D3) 006D  0000000001101101 ( 285)                 .FILL x006D
(30D4) 0062  0000000001100010 ( 285)                 .FILL x0062
(30D5) 0065  0000000001100101 ( 285)                 .FILL x0065
(30D6) 0072  0000000001110010 ( 285)                 .FILL x0072
(30D7) 0020  0000000000100000 ( 285)                 .FILL x0020
(30D8) 0074  0000000001110100 ( 285)                 .FILL x0074
(30D9) 006F  0000000001101111 ( 285)                 .FILL x006F
(30DA) 0020  0000000000100000 ( 285)                 .FILL x0020
(30DB) 0063  0000000001100011 ( 285)                 .FILL x0063
(30DC) 006F  0000000001101111 ( 285)                 .FILL x006F
(30DD) 006E  0000000001101110 ( 285)                 .FILL x006E
(30DE) 0076  0000000001110110 ( 285)                 .FILL x0076
(30DF) 0065  0000000001100101 ( 285)                 .FILL x0065
(30E0) 0072  0000000001110010 ( 285)                 .FILL x0072
(30E1) 0074  0000000001110100 ( 285)                 .FILL x0074
(30E2) 003A  0000000000111010 ( 285)                 .FILL x003A
(30E3) 0020  0000000000100000 ( 285)                 .FILL x0020
(30E4) 0000  0000000000000000 ( 285)                 .FILL x0000
(30E5) 0049  0000000001001001 ( 286) REMOVEDCHAR     .FILL x0049
(30E6) 006E  0000000001101110 ( 286)                 .FILL x006E
(30E7) 0076  0000000001110110 ( 286)                 .FILL x0076
(30E8) 0061  0000000001100001 ( 286)                 .FILL x0061
(30E9) 006C  0000000001101100 ( 286)                 .FILL x006C
(30EA) 0069  0000000001101001 ( 286)                 .FILL x0069
(30EB) 0064  0000000001100100 ( 286)                 .FILL x0064
(30EC) 0020  0000000000100000 ( 286)                 .FILL x0020
(30ED) 0063  0000000001100011 ( 286)                 .FILL x0063
(30EE) 0068  0000000001101000 ( 286)                 .FILL x0068
(30EF) 0061  0000000001100001 ( 286)                 .FILL x0061
(30F0) 0072  0000000001110010 ( 286)                 .FILL x0072
(30F1) 0061  0000000001100001 ( 286)                 .FILL x0061
(30F2) 0063  0000000001100011 ( 286)                 .FILL x0063
(30F3) 0074  0000000001110100 ( 286)                 .FILL x0074
(30F4) 0065  0000000001100101 ( 286)                 .FILL x0065
(30F5) 0072  0000000001110010 ( 286)                 .FILL x0072
(30F6) 0028  0000000000101000 ( 286)                 .FILL x0028
(30F7) 0073  0000000001110011 ( 286)                 .FILL x0073
(30F8) 0029  0000000000101001 ( 286)                 .FILL x0029
(30F9) 0020  0000000000100000 ( 286)                 .FILL x0020
(30FA) 0072  0000000001110010 ( 286)                 .FILL x0072
(30FB) 0065  0000000001100101 ( 286)                 .FILL x0065
(30FC) 006D  0000000001101101 ( 286)                 .FILL x006D
(30FD) 006F  0000000001101111 ( 286)                 .FILL x006F
(30FE) 0076  0000000001110110 ( 286)                 .FILL x0076
(30FF) 0065  0000000001100101 ( 286)                 .FILL x0065
(3100) 0064  0000000001100100 ( 286)                 .FILL x0064
(3101) 0020  0000000000100000 ( 286)                 .FILL x0020
(3102) 0066  0000000001100110 ( 286)                 .FILL x0066
(3103) 0072  0000000001110010 ( 286)                 .FILL x0072
(3104) 006F  0000000001101111 ( 286)                 .FILL x006F
(3105) 006D  0000000001101101 ( 286)                 .FILL x006D
(3106) 0020  0000000000100000 ( 286)                 .FILL x0020
(3107) 0072  0000000001110010 ( 286)                 .FILL x0072
(3108) 0065  0000000001100101 ( 286)                 .FILL x0065
(3109) 0073  0000000001110011 ( 286)                 .FILL x0073
(310A) 0075  0000000001110101 ( 286)                 .FILL x0075
(310B) 006C  0000000001101100 ( 286)                 .FILL x006C
(310C) 0074  0000000001110100 ( 286)                 .FILL x0074
(310D) 0000  0000000000000000 ( 286)                 .FILL x0000
(310E) 0030  0000000000110000 ( 287) ZEROCHAR        .FILL x0030
(310F) 0000  0000000000000000 ( 287)                 .FILL x0000
