(0000) 3000  0011000000000000 (   7)                 .ORIG x3000
(3000) 2064  0010000001100100 (  11) START           LD    R0 MINIMUMASCII
(3001) 3065  0011000001100101 (  12)                 ST    R0 COUNTER
(3002) 5020  0101000000100000 (  13)                 AND   R0 R0 #0
(3003) 5220  0101001000100000 (  14)                 AND   R1 R0 #0
(3004) 5420  0101010000100000 (  15)                 AND   R2 R0 #0
(3005) 5620  0101011000100000 (  16)                 AND   R3 R0 #0
(3006) 5820  0101100000100000 (  17)                 AND   R4 R0 #0
(3007) 5A20  0101101000100000 (  18)                 AND   R5 R0 #0
(3008) 5C20  0101110000100000 (  19)                 AND   R6 R0 #0
(3009) 5E20  0101111000100000 (  20)                 AND   R7 R0 #0
(300A) E061  1110000001100001 (  23)                 LEA   R0 GREETING
(300B) F022  1111000000100010 (  24)                 TRAP  x22
(300C) E05D  1110000001011101 (  27)                 LEA   R0 NEWLINE
(300D) F022  1111000000100010 (  28)                 TRAP  x22
(300E) E076  1110000001110110 (  31)                 LEA   R0 PROMPT
(300F) F022  1111000000100010 (  32)                 TRAP  x22
(3010) E059  1110000001011001 (  35)                 LEA   R0 NEWLINE
(3011) F022  1111000000100010 (  36)                 TRAP  x22
(3012) F020  1111000000100000 (  39)                 TRAP  x20
(3013) F021  1111000000100001 (  40)                 TRAP  x21
(3014) 304D  0011000001001101 (  43)                 ST    R0 USERINPUT
(3015) E054  1110000001010100 (  46)                 LEA   R0 NEWLINE
(3016) F022  1111000000100010 (  47)                 TRAP  x22
(3017) 224A  0010001001001010 (  50)                 LD    R1 USERINPUT
(3018) 244A  0010010001001010 (  51)                 LD    R2 NEWLINEASCII
(3019) 94BF  1001010010111111 (  52)                 NOT   R2 R2
(301A) 14A1  0001010010100001 (  53)                 ADD   R2 R2 #1
(301B) 1242  0001001001000010 (  54)                 ADD   R1 R1 R2
(301C) 0413  0000010000010011 (  55)                 BRZ   ISNEWLINE
(301D) 2244  0010001001000100 (  58)                 LD    R1 USERINPUT
(301E) 2445  0010010001000101 (  59)                 LD    R2 ZEROASCII
(301F) 94BF  1001010010111111 (  60)                 NOT   R2 R2
(3020) 14A1  0001010010100001 (  61)                 ADD   R2 R2 #1
(3021) 1242  0001001001000010 (  62)                 ADD   R1 R1 R2
(3022) 0410  0000010000010000 (  63)                 BRZ   ISZERO
(3023) 223E  0010001000111110 (  66)                 LD    R1 USERINPUT
(3024) 2441  0010010001000001 (  67)                 LD    R2 MAXIMUMASCII
(3025) 94BF  1001010010111111 (  68)                 NOT   R2 R2
(3026) 14A1  0001010010100001 (  69)                 ADD   R2 R2 #1
(3027) 1242  0001001001000010 (  70)                 ADD   R1 R1 R2
(3028) 0212  0000001000010010 (  71)                 BRP   ISOUTSIDE
(3029) 2638  0010011000111000 (  74)                 LD    R3 USERINPUT
(302A) 283A  0010100000111010 (  75)                 LD    R4 MINIMUMASCII
(302B) 993F  1001100100111111 (  76)                 NOT   R4 R4
(302C) 1921  0001100100100001 (  77)                 ADD   R4 R4 #1
(302D) 16C4  0001011011000100 (  78)                 ADD   R3 R3 R4
(302E) 080C  0000100000001100 (  79)                 BRN   ISOUTSIDE
(302F) 0E13  0000111000010011 (  82)                 BRNZP ALLISGOOD
(3030) E097  1110000010010111 (  86) ISNEWLINE       LEA   R0 ISNEWLINECHAR
(3031) F022  1111000000100010 (  87)                 TRAP  x22
(3032) F025  1111000000100101 (  88)                 TRAP  x25
(3033) E0A8  1110000010101000 (  91) ISZERO          LEA   R0 ISZEROCHAR
(3034) F022  1111000000100010 (  92)                 TRAP  x22
(3035) E034  1110000000110100 (  93)                 LEA   R0 NEWLINE
(3036) F022  1111000000100010 (  94)                 TRAP  x22
(3037) F022  1111000000100010 (  95)                 TRAP  x22
(3038) F022  1111000000100010 (  96)                 TRAP  x22
(3039) F022  1111000000100010 (  97)                 TRAP  x22
(303A) 0FC5  0000111111000101 (  98)                 BRNZP START
(303B) E0B2  1110000010110010 ( 101) ISOUTSIDE       LEA   R0 ISNOTWITHIN
(303C) F022  1111000000100010 ( 102)                 TRAP  x22
(303D) E02C  1110000000101100 ( 103)                 LEA   R0 NEWLINE
(303E) F022  1111000000100010 ( 104)                 TRAP  x22
(303F) F022  1111000000100010 ( 105)                 TRAP  x22
(3040) F022  1111000000100010 ( 106)                 TRAP  x22
(3041) F022  1111000000100010 ( 107)                 TRAP  x22
(3042) 0FBD  0000111110111101 ( 108)                 BRNZP START
(3043) 2223  0010001000100011 ( 112) ALLISGOOD       LD    R1 COUNTER
(3044) 241D  0010010000011101 ( 113)                 LD    R2 USERINPUT
(3045) 967F  1001011001111111 ( 117) BEGINLOOP       NOT   R3 R1
(3046) 16E1  0001011011100001 ( 118)                 ADD   R3 R3 #1
(3047) 1883  0001100010000011 ( 119)                 ADD   R4 R2 R3
(3048) 0A0A  0000101000001010 ( 120)                 BRNP  PRINTNUMBER
(3049) 0400  0000010000000000 ( 121)                 BRZ   INCREMENTCOUNTER
(304A) 1261  0001001001100001 ( 125) INCREMENTCOUNTER ADD   R1 R1 #1
(304B) 321B  0011001000011011 ( 126)                 ST    R1 COUNTER
(304C) 2619  0010011000011001 ( 127)                 LD    R3 MAXIMUMASCII
(304D) 16E1  0001011011100001 ( 128)                 ADD   R3 R3 #1
(304E) 96FF  1001011011111111 ( 129)                 NOT   R3 R3
(304F) 16E1  0001011011100001 ( 130)                 ADD   R3 R3 #1
(3050) 1843  0001100001000011 ( 131)                 ADD   R4 R1 R3
(3051) 0BF3  0000101111110011 ( 132)                 BRNP  BEGINLOOP
(3052) 0405  0000010000000101 ( 133)                 BRZ   PRINTRESPONSE
(3053) E013  1110000000010011 ( 137) PRINTNUMBER     LEA   R0 COUNTER
(3054) F022  1111000000100010 ( 138)                 TRAP  x22
(3055) E012  1110000000010010 ( 139)                 LEA   R0 WHITESPACE
(3056) F022  1111000000100010 ( 140)                 TRAP  x22
(3057) 0FF2  0000111111110010 ( 141)                 BRNZP INCREMENTCOUNTER
(3058) E011  1110000000010001 ( 145) PRINTRESPONSE   LEA   R0 NEWLINE
(3059) F022  1111000000100010 ( 146)                 TRAP  x22
(305A) E0C4  1110000011000100 ( 147)                 LEA   R0 ISWITHIN
(305B) F022  1111000000100010 ( 148)                 TRAP  x22
(305C) E00D  1110000000001101 ( 149)                 LEA   R0 NEWLINE
(305D) F022  1111000000100010 ( 150)                 TRAP  x22
(305E) F022  1111000000100010 ( 151)                 TRAP  x22
(305F) F022  1111000000100010 ( 152)                 TRAP  x22
(3060) F022  1111000000100010 ( 153)                 TRAP  x22
(3061) 0F9E  0000111110011110 ( 154)                 BRNZP START
(3062) 0000  0000000000000000 ( 157) USERINPUT       .FILL x0000
(3063) 000A  0000000000001010 ( 158) NEWLINEASCII    .FILL x000A
(3064) 0030  0000000000110000 ( 159) ZEROASCII       .FILL x0030
(3065) 0031  0000000000110001 ( 160) MINIMUMASCII    .FILL x0031
(3066) 0039  0000000000111001 ( 161) MAXIMUMASCII    .FILL x0039
(3067) 0031  0000000000110001 ( 162) COUNTER         .FILL x0031
(3068) 0020  0000000000100000 ( 165) WHITESPACE      .FILL x0020
(3069) 0000  0000000000000000 ( 165)                 .FILL x0000
(306A) 000A  0000000000001010 ( 166) NEWLINE         .FILL x000A
(306B) 0000  0000000000000000 ( 166)                 .FILL x0000
(306C) 004F  0000000001001111 ( 167) GREETING        .FILL x004F
(306D) 006C  0000000001101100 ( 167)                 .FILL x006C
(306E) 0064  0000000001100100 ( 167)                 .FILL x0064
(306F) 0020  0000000000100000 ( 167)                 .FILL x0020
(3070) 004D  0000000001001101 ( 167)                 .FILL x004D
(3071) 0061  0000000001100001 ( 167)                 .FILL x0061
(3072) 0063  0000000001100011 ( 167)                 .FILL x0063
(3073) 0044  0000000001000100 ( 167)                 .FILL x0044
(3074) 006F  0000000001101111 ( 167)                 .FILL x006F
(3075) 006E  0000000001101110 ( 167)                 .FILL x006E
(3076) 0061  0000000001100001 ( 167)                 .FILL x0061
(3077) 006C  0000000001101100 ( 167)                 .FILL x006C
(3078) 0064  0000000001100100 ( 167)                 .FILL x0064
(3079) 0020  0000000000100000 ( 167)                 .FILL x0020
(307A) 0048  0000000001001000 ( 167)                 .FILL x0048
(307B) 0061  0000000001100001 ( 167)                 .FILL x0061
(307C) 0064  0000000001100100 ( 167)                 .FILL x0064
(307D) 0020  0000000000100000 ( 167)                 .FILL x0020
(307E) 0061  0000000001100001 ( 167)                 .FILL x0061
(307F) 0020  0000000000100000 ( 167)                 .FILL x0020
(3080) 0046  0000000001000110 ( 167)                 .FILL x0046
(3081) 0061  0000000001100001 ( 167)                 .FILL x0061
(3082) 0072  0000000001110010 ( 167)                 .FILL x0072
(3083) 006D  0000000001101101 ( 167)                 .FILL x006D
(3084) 0000  0000000000000000 ( 167)                 .FILL x0000
(3085) 0049  0000000001001001 ( 168) PROMPT          .FILL x0049
(3086) 0066  0000000001100110 ( 168)                 .FILL x0066
(3087) 0020  0000000000100000 ( 168)                 .FILL x0020
(3088) 0074  0000000001110100 ( 168)                 .FILL x0074
(3089) 0068  0000000001101000 ( 168)                 .FILL x0068
(308A) 0065  0000000001100101 ( 168)                 .FILL x0065
(308B) 0072  0000000001110010 ( 168)                 .FILL x0072
(308C) 0065  0000000001100101 ( 168)                 .FILL x0065
(308D) 0027  0000000000100111 ( 168)                 .FILL x0027
(308E) 0073  0000000001110011 ( 168)                 .FILL x0073
(308F) 0020  0000000000100000 ( 168)                 .FILL x0020
(3090) 0061  0000000001100001 ( 168)                 .FILL x0061
(3091) 0020  0000000000100000 ( 168)                 .FILL x0020
(3092) 006D  0000000001101101 ( 168)                 .FILL x006D
(3093) 006F  0000000001101111 ( 168)                 .FILL x006F
(3094) 006F  0000000001101111 ( 168)                 .FILL x006F
(3095) 0020  0000000000100000 ( 168)                 .FILL x0020
(3096) 0074  0000000001110100 ( 168)                 .FILL x0074
(3097) 0068  0000000001101000 ( 168)                 .FILL x0068
(3098) 0065  0000000001100101 ( 168)                 .FILL x0065
(3099) 0072  0000000001110010 ( 168)                 .FILL x0072
(309A) 0065  0000000001100101 ( 168)                 .FILL x0065
(309B) 0020  0000000000100000 ( 168)                 .FILL x0020
(309C) 0061  0000000001100001 ( 168)                 .FILL x0061
(309D) 006E  0000000001101110 ( 168)                 .FILL x006E
(309E) 0064  0000000001100100 ( 168)                 .FILL x0064
(309F) 0020  0000000000100000 ( 168)                 .FILL x0020
(30A0) 0061  0000000001100001 ( 168)                 .FILL x0061
(30A1) 0020  0000000000100000 ( 168)                 .FILL x0020
(30A2) 006D  0000000001101101 ( 168)                 .FILL x006D
(30A3) 006F  0000000001101111 ( 168)                 .FILL x006F
(30A4) 006F  0000000001101111 ( 168)                 .FILL x006F
(30A5) 0020  0000000000100000 ( 168)                 .FILL x0020
(30A6) 0068  0000000001101000 ( 168)                 .FILL x0068
(30A7) 0065  0000000001100101 ( 168)                 .FILL x0065
(30A8) 0072  0000000001110010 ( 168)                 .FILL x0072
(30A9) 0065  0000000001100101 ( 168)                 .FILL x0065
(30AA) 002C  0000000000101100 ( 168)                 .FILL x002C
(30AB) 0020  0000000000100000 ( 168)                 .FILL x0020
(30AC) 0074  0000000001110100 ( 168)                 .FILL x0074
(30AD) 0068  0000000001101000 ( 168)                 .FILL x0068
(30AE) 0065  0000000001100101 ( 168)                 .FILL x0065
(30AF) 006E  0000000001101110 ( 168)                 .FILL x006E
(30B0) 0020  0000000000100000 ( 168)                 .FILL x0020
(30B1) 0068  0000000001101000 ( 168)                 .FILL x0068
(30B2) 006F  0000000001101111 ( 168)                 .FILL x006F
(30B3) 0077  0000000001110111 ( 168)                 .FILL x0077
(30B4) 0020  0000000000100000 ( 168)                 .FILL x0020
(30B5) 006D  0000000001101101 ( 168)                 .FILL x006D
(30B6) 0061  0000000001100001 ( 168)                 .FILL x0061
(30B7) 006E  0000000001101110 ( 168)                 .FILL x006E
(30B8) 0079  0000000001111001 ( 168)                 .FILL x0079
(30B9) 0020  0000000000100000 ( 168)                 .FILL x0020
(30BA) 0063  0000000001100011 ( 168)                 .FILL x0063
(30BB) 006F  0000000001101111 ( 168)                 .FILL x006F
(30BC) 0077  0000000001110111 ( 168)                 .FILL x0077
(30BD) 0073  0000000001110011 ( 168)                 .FILL x0073
(30BE) 0020  0000000000100000 ( 168)                 .FILL x0020
(30BF) 0073  0000000001110011 ( 168)                 .FILL x0073
(30C0) 0061  0000000001100001 ( 168)                 .FILL x0061
(30C1) 0079  0000000001111001 ( 168)                 .FILL x0079
(30C2) 0020  0000000000100000 ( 168)                 .FILL x0020
(30C3) 006D  0000000001101101 ( 168)                 .FILL x006D
(30C4) 006F  0000000001101111 ( 168)                 .FILL x006F
(30C5) 006F  0000000001101111 ( 168)                 .FILL x006F
(30C6) 003F  0000000000111111 ( 168)                 .FILL x003F
(30C7) 0000  0000000000000000 ( 168)                 .FILL x0000
(30C8) 0043  0000000001000011 ( 169) ISNEWLINECHAR   .FILL x0043
(30C9) 0027  0000000000100111 ( 169)                 .FILL x0027
(30CA) 006D  0000000001101101 ( 169)                 .FILL x006D
(30CB) 006F  0000000001101111 ( 169)                 .FILL x006F
(30CC) 006E  0000000001101110 ( 169)                 .FILL x006E
(30CD) 0020  0000000000100000 ( 169)                 .FILL x0020
(30CE) 0074  0000000001110100 ( 169)                 .FILL x0074
(30CF) 0061  0000000001100001 ( 169)                 .FILL x0061
(30D0) 006B  0000000001101011 ( 169)                 .FILL x006B
(30D1) 0065  0000000001100101 ( 169)                 .FILL x0065
(30D2) 0020  0000000000100000 ( 169)                 .FILL x0020
(30D3) 0061  0000000001100001 ( 169)                 .FILL x0061
(30D4) 0020  0000000000100000 ( 169)                 .FILL x0020
(30D5) 0067  0000000001100111 ( 169)                 .FILL x0067
(30D6) 0075  0000000001110101 ( 169)                 .FILL x0075
(30D7) 0065  0000000001100101 ( 169)                 .FILL x0065
(30D8) 0073  0000000001110011 ( 169)                 .FILL x0073
(30D9) 0073  0000000001110011 ( 169)                 .FILL x0073
(30DA) 0021  0000000000100001 ( 169)                 .FILL x0021
(30DB) 0000  0000000000000000 ( 169)                 .FILL x0000
(30DC) 005A  0000000001011010 ( 170) ISZEROCHAR      .FILL x005A
(30DD) 0065  0000000001100101 ( 170)                 .FILL x0065
(30DE) 0072  0000000001110010 ( 170)                 .FILL x0072
(30DF) 006F  0000000001101111 ( 170)                 .FILL x006F
(30E0) 0021  0000000000100001 ( 170)                 .FILL x0021
(30E1) 0020  0000000000100000 ( 170)                 .FILL x0020
(30E2) 0049  0000000001001001 ( 170)                 .FILL x0049
(30E3) 0020  0000000000100000 ( 170)                 .FILL x0020
(30E4) 0073  0000000001110011 ( 170)                 .FILL x0073
(30E5) 0061  0000000001100001 ( 170)                 .FILL x0061
(30E6) 0069  0000000001101001 ( 170)                 .FILL x0069
(30E7) 0064  0000000001100100 ( 170)                 .FILL x0064
(30E8) 0020  0000000000100000 ( 170)                 .FILL x0020
(30E9) 006D  0000000001101101 ( 170)                 .FILL x006D
(30EA) 006F  0000000001101111 ( 170)                 .FILL x006F
(30EB) 006F  0000000001101111 ( 170)                 .FILL x006F
(30EC) 002E  0000000000101110 ( 170)                 .FILL x002E
(30ED) 0000  0000000000000000 ( 170)                 .FILL x0000
(30EE) 0043  0000000001000011 ( 171) ISNOTWITHIN     .FILL x0043
(30EF) 0027  0000000000100111 ( 171)                 .FILL x0027
(30F0) 006D  0000000001101101 ( 171)                 .FILL x006D
(30F1) 006F  0000000001101111 ( 171)                 .FILL x006F
(30F2) 006E  0000000001101110 ( 171)                 .FILL x006E
(30F3) 0020  0000000000100000 ( 171)                 .FILL x0020
(30F4) 006E  0000000001101110 ( 171)                 .FILL x006E
(30F5) 006F  0000000001101111 ( 171)                 .FILL x006F
(30F6) 0074  0000000001110100 ( 171)                 .FILL x0074
(30F7) 0020  0000000000100000 ( 171)                 .FILL x0020
(30F8) 0065  0000000001100101 ( 171)                 .FILL x0065
(30F9) 0076  0000000001110110 ( 171)                 .FILL x0076
(30FA) 0065  0000000001100101 ( 171)                 .FILL x0065
(30FB) 006E  0000000001101110 ( 171)                 .FILL x006E
(30FC) 0020  0000000000100000 ( 171)                 .FILL x0020
(30FD) 0063  0000000001100011 ( 171)                 .FILL x0063
(30FE) 006C  0000000001101100 ( 171)                 .FILL x006C
(30FF) 006F  0000000001101111 ( 171)                 .FILL x006F
(3100) 0073  0000000001110011 ( 171)                 .FILL x0073
(3101) 0065  0000000001100101 ( 171)                 .FILL x0065
(3102) 002E  0000000000101110 ( 171)                 .FILL x002E
(3103) 0020  0000000000100000 ( 171)                 .FILL x0020
(3104) 0055  0000000001010101 ( 171)                 .FILL x0055
(3105) 0073  0000000001110011 ( 171)                 .FILL x0073
(3106) 0065  0000000001100101 ( 171)                 .FILL x0065
(3107) 0020  0000000000100000 ( 171)                 .FILL x0020
(3108) 0079  0000000001111001 ( 171)                 .FILL x0079
(3109) 006F  0000000001101111 ( 171)                 .FILL x006F
(310A) 0075  0000000001110101 ( 171)                 .FILL x0075
(310B) 0072  0000000001110010 ( 171)                 .FILL x0072
(310C) 0020  0000000000100000 ( 171)                 .FILL x0020
(310D) 0066  0000000001100110 ( 171)                 .FILL x0066
(310E) 0069  0000000001101001 ( 171)                 .FILL x0069
(310F) 006E  0000000001101110 ( 171)                 .FILL x006E
(3110) 0067  0000000001100111 ( 171)                 .FILL x0067
(3111) 0065  0000000001100101 ( 171)                 .FILL x0065
(3112) 0072  0000000001110010 ( 171)                 .FILL x0072
(3113) 0073  0000000001110011 ( 171)                 .FILL x0073
(3114) 0020  0000000000100000 ( 171)                 .FILL x0020
(3115) 0074  0000000001110100 ( 171)                 .FILL x0074
(3116) 006F  0000000001101111 ( 171)                 .FILL x006F
(3117) 0020  0000000000100000 ( 171)                 .FILL x0020
(3118) 0063  0000000001100011 ( 171)                 .FILL x0063
(3119) 006F  0000000001101111 ( 171)                 .FILL x006F
(311A) 0075  0000000001110101 ( 171)                 .FILL x0075
(311B) 006E  0000000001101110 ( 171)                 .FILL x006E
(311C) 0074  0000000001110100 ( 171)                 .FILL x0074
(311D) 0021  0000000000100001 ( 171)                 .FILL x0021
(311E) 0000  0000000000000000 ( 171)                 .FILL x0000
(311F) 0053  0000000001010011 ( 172) ISWITHIN        .FILL x0053
(3120) 006F  0000000001101111 ( 172)                 .FILL x006F
(3121) 0020  0000000000100000 ( 172)                 .FILL x0020
(3122) 006D  0000000001101101 ( 172)                 .FILL x006D
(3123) 0061  0000000001100001 ( 172)                 .FILL x0061
(3124) 006E  0000000001101110 ( 172)                 .FILL x006E
(3125) 0079  0000000001111001 ( 172)                 .FILL x0079
(3126) 0020  0000000000100000 ( 172)                 .FILL x0020
(3127) 006D  0000000001101101 ( 172)                 .FILL x006D
(3128) 006F  0000000001101111 ( 172)                 .FILL x006F
(3129) 006F  0000000001101111 ( 172)                 .FILL x006F
(312A) 0073  0000000001110011 ( 172)                 .FILL x0073
(312B) 0020  0000000000100000 ( 172)                 .FILL x0020
(312C) 006E  0000000001101110 ( 172)                 .FILL x006E
(312D) 006F  0000000001101111 ( 172)                 .FILL x006F
(312E) 0077  0000000001110111 ( 172)                 .FILL x0077
(312F) 0021  0000000000100001 ( 172)                 .FILL x0021
(3130) 0000  0000000000000000 ( 172)                 .FILL x0000
